

----------------------------------------
checking for C compiler


----------------------------------------
checking for gcc -pipe switch


----------------------------------------
checking for --with-ld-opt="-Wl,-rpath,/usr/local/openresty/luajit/lib"


----------------------------------------
checking for -Wl,-E switch


----------------------------------------
checking for gcc builtin atomic operations


----------------------------------------
checking for C99 variadic macros


----------------------------------------
checking for gcc variadic macros


----------------------------------------
checking for gcc builtin 64 bit byteswap

objs/autotest.c: In function 'main':
objs/autotest.c:7:5: warning: statement with no effect [-Wunused-value]
     __builtin_bswap64(0);
     ^

----------------------------------------
checking for unistd.h


----------------------------------------
checking for inttypes.h


----------------------------------------
checking for limits.h


----------------------------------------
checking for sys/filio.h

objs/autotest.c:3:23: fatal error: sys/filio.h: No such file or directory
 #include <sys/filio.h>
                       ^
compilation terminated.
----------


#include <sys/filio.h>

int main() {
    return 0;
}

----------
cc -o objs/autotest objs/autotest.c
----------

----------------------------------------
checking for sys/param.h


----------------------------------------
checking for sys/mount.h


----------------------------------------
checking for sys/statvfs.h


----------------------------------------
checking for crypt.h


----------------------------------------
checking for epoll

objs/autotest.c: In function 'main':
objs/autotest.c:8:38: warning: variable 'ee' set but not used [-Wunused-but-set-variable]
                   struct epoll_event ee;
                                      ^

----------------------------------------
checking for EPOLLRDHUP


----------------------------------------
checking for O_PATH


----------------------------------------
checking for sendfile()


----------------------------------------
checking for sendfile64()


----------------------------------------
checking for sys/prctl.h


----------------------------------------
checking for prctl(PR_SET_DUMPABLE)


----------------------------------------
checking for sched_setaffinity()


----------------------------------------
checking for crypt_r()


----------------------------------------
checking for sys/vfs.h


----------------------------------------
checking for poll()


----------------------------------------
checking for /dev/poll

objs/autotest.c:4:25: fatal error: sys/devpoll.h: No such file or directory
 #include <sys/devpoll.h>
                         ^
compilation terminated.
----------

#include <sys/types.h>
#include <unistd.h>
#include <sys/devpoll.h>

int main() {
    int  n, dp; struct dvpoll  dvp;
                  dp = 0;
                  dvp.dp_fds = NULL;
                  dvp.dp_nfds = 0;
                  dvp.dp_timeout = 0;
                  n = ioctl(dp, DP_POLL, &dvp);
                  if (n == -1) return 1;
    return 0;
}

----------
cc -O2 -O2 -Ofast -g -pipe -Wall -Wp,-D_FORTIFY_SOURCE=2 -fexceptions -fstack-protector-strong --param=ssp-buffer-size=4 -grecord-gcc-switches -m64 -mtune=native -DTCP_FASTOPEN=23 -D_GNU_SOURCE -D_FILE_OFFSET_BITS=64 -o objs/autotest objs/autotest.c -Wl,-rpath,/usr/local/openresty/luajit/lib
----------

----------------------------------------
checking for kqueue

objs/autotest.c:4:23: fatal error: sys/event.h: No such file or directory
 #include <sys/event.h>
                       ^
compilation terminated.
----------

#include <sys/types.h>
#include <unistd.h>
#include <sys/event.h>

int main() {
    int kq; kq = kqueue();
    return 0;
}

----------
cc -O2 -O2 -Ofast -g -pipe -Wall -Wp,-D_FORTIFY_SOURCE=2 -fexceptions -fstack-protector-strong --param=ssp-buffer-size=4 -grecord-gcc-switches -m64 -mtune=native -DTCP_FASTOPEN=23 -D_GNU_SOURCE -D_FILE_OFFSET_BITS=64 -o objs/autotest objs/autotest.c -Wl,-rpath,/usr/local/openresty/luajit/lib
----------

----------------------------------------
checking for crypt()

/tmp/ccXs7HAm.o: In function `main':
/opt/openresty-bundled/build/nginx-1.11.2/objs/autotest.c:7: undefined reference to `crypt'
collect2: error: ld returned 1 exit status
----------

#include <sys/types.h>
#include <unistd.h>


int main() {
    crypt("test", "salt");;
    return 0;
}

----------
cc -O2 -O2 -Ofast -g -pipe -Wall -Wp,-D_FORTIFY_SOURCE=2 -fexceptions -fstack-protector-strong --param=ssp-buffer-size=4 -grecord-gcc-switches -m64 -mtune=native -DTCP_FASTOPEN=23 -D_GNU_SOURCE -D_FILE_OFFSET_BITS=64 -o objs/autotest objs/autotest.c -Wl,-rpath,/usr/local/openresty/luajit/lib
----------

----------------------------------------
checking for crypt() in libcrypt


----------------------------------------
checking for F_READAHEAD

objs/autotest.c: In function 'main':
objs/autotest.c:7:14: error: 'F_READAHEAD' undeclared (first use in this function)
     fcntl(0, F_READAHEAD, 1);;
              ^
objs/autotest.c:7:14: note: each undeclared identifier is reported only once for each function it appears in
----------

#include <sys/types.h>
#include <unistd.h>
#include <fcntl.h>

int main() {
    fcntl(0, F_READAHEAD, 1);;
    return 0;
}

----------
cc -O2 -O2 -Ofast -g -pipe -Wall -Wp,-D_FORTIFY_SOURCE=2 -fexceptions -fstack-protector-strong --param=ssp-buffer-size=4 -grecord-gcc-switches -m64 -mtune=native -DTCP_FASTOPEN=23 -D_GNU_SOURCE -D_FILE_OFFSET_BITS=64 -o objs/autotest objs/autotest.c -Wl,-rpath,/usr/local/openresty/luajit/lib
----------

----------------------------------------
checking for posix_fadvise()


----------------------------------------
checking for O_DIRECT


----------------------------------------
checking for F_NOCACHE

objs/autotest.c: In function 'main':
objs/autotest.c:7:14: error: 'F_NOCACHE' undeclared (first use in this function)
     fcntl(0, F_NOCACHE, 1);;
              ^
objs/autotest.c:7:14: note: each undeclared identifier is reported only once for each function it appears in
----------

#include <sys/types.h>
#include <unistd.h>
#include <fcntl.h>

int main() {
    fcntl(0, F_NOCACHE, 1);;
    return 0;
}

----------
cc -O2 -O2 -Ofast -g -pipe -Wall -Wp,-D_FORTIFY_SOURCE=2 -fexceptions -fstack-protector-strong --param=ssp-buffer-size=4 -grecord-gcc-switches -m64 -mtune=native -DTCP_FASTOPEN=23 -D_GNU_SOURCE -D_FILE_OFFSET_BITS=64 -o objs/autotest objs/autotest.c -Wl,-rpath,/usr/local/openresty/luajit/lib
----------

----------------------------------------
checking for directio()

objs/autotest.c: In function 'main':
objs/autotest.c:8:5: warning: implicit declaration of function 'directio' [-Wimplicit-function-declaration]
     directio(0, DIRECTIO_ON);;
     ^
objs/autotest.c:8:17: error: 'DIRECTIO_ON' undeclared (first use in this function)
     directio(0, DIRECTIO_ON);;
                 ^
objs/autotest.c:8:17: note: each undeclared identifier is reported only once for each function it appears in
----------

#include <sys/types.h>
#include <unistd.h>
#include <sys/types.h>
                  #include <sys/fcntl.h>

int main() {
    directio(0, DIRECTIO_ON);;
    return 0;
}

----------
cc -O2 -O2 -Ofast -g -pipe -Wall -Wp,-D_FORTIFY_SOURCE=2 -fexceptions -fstack-protector-strong --param=ssp-buffer-size=4 -grecord-gcc-switches -m64 -mtune=native -DTCP_FASTOPEN=23 -D_GNU_SOURCE -D_FILE_OFFSET_BITS=64 -o objs/autotest objs/autotest.c -Wl,-rpath,/usr/local/openresty/luajit/lib
----------

----------------------------------------
checking for statfs()


----------------------------------------
checking for statvfs()


----------------------------------------
checking for dlopen()

objs/autotest.c: In function 'main':
objs/autotest.c:7:5: warning: null argument where non-null required (argument 2) [-Wnonnull]
     dlopen(NULL, RTLD_NOW | RTLD_GLOBAL); dlsym(NULL, NULL);
     ^
/tmp/ccEcx8RR.o: In function `main':
/opt/openresty-bundled/build/nginx-1.11.2/objs/autotest.c:7: undefined reference to `dlopen'
/opt/openresty-bundled/build/nginx-1.11.2/objs/autotest.c:7: undefined reference to `dlsym'
collect2: error: ld returned 1 exit status
----------

#include <sys/types.h>
#include <unistd.h>
#include <dlfcn.h>

int main() {
    dlopen(NULL, RTLD_NOW | RTLD_GLOBAL); dlsym(NULL, NULL);
    return 0;
}

----------
cc -O2 -O2 -Ofast -g -pipe -Wall -Wp,-D_FORTIFY_SOURCE=2 -fexceptions -fstack-protector-strong --param=ssp-buffer-size=4 -grecord-gcc-switches -m64 -mtune=native -DTCP_FASTOPEN=23 -D_GNU_SOURCE -D_FILE_OFFSET_BITS=64 -o objs/autotest objs/autotest.c -Wl,-rpath,/usr/local/openresty/luajit/lib
----------

----------------------------------------
checking for dlopen() in libdl

objs/autotest.c: In function 'main':
objs/autotest.c:7:5: warning: null argument where non-null required (argument 2) [-Wnonnull]
     dlopen(NULL, RTLD_NOW | RTLD_GLOBAL); dlsym(NULL, NULL);
     ^

----------------------------------------
checking for sched_yield()


----------------------------------------
checking for SO_SETFIB

objs/autotest.c: In function 'main':
objs/autotest.c:7:31: error: 'SO_SETFIB' undeclared (first use in this function)
     setsockopt(0, SOL_SOCKET, SO_SETFIB, NULL, 0);
                               ^
objs/autotest.c:7:31: note: each undeclared identifier is reported only once for each function it appears in
----------

#include <sys/types.h>
#include <unistd.h>
#include <sys/socket.h>

int main() {
    setsockopt(0, SOL_SOCKET, SO_SETFIB, NULL, 0);
    return 0;
}

----------
cc -O2 -O2 -Ofast -g -pipe -Wall -Wp,-D_FORTIFY_SOURCE=2 -fexceptions -fstack-protector-strong --param=ssp-buffer-size=4 -grecord-gcc-switches -m64 -mtune=native -DTCP_FASTOPEN=23 -D_GNU_SOURCE -D_FILE_OFFSET_BITS=64 -o objs/autotest objs/autotest.c -Wl,-rpath,/usr/local/openresty/luajit/lib
----------

----------------------------------------
checking for SO_REUSEPORT


----------------------------------------
checking for SO_ACCEPTFILTER

objs/autotest.c: In function 'main':
objs/autotest.c:7:31: error: 'SO_ACCEPTFILTER' undeclared (first use in this function)
     setsockopt(0, SOL_SOCKET, SO_ACCEPTFILTER, NULL, 0);
                               ^
objs/autotest.c:7:31: note: each undeclared identifier is reported only once for each function it appears in
----------

#include <sys/types.h>
#include <unistd.h>
#include <sys/socket.h>

int main() {
    setsockopt(0, SOL_SOCKET, SO_ACCEPTFILTER, NULL, 0);
    return 0;
}

----------
cc -O2 -O2 -Ofast -g -pipe -Wall -Wp,-D_FORTIFY_SOURCE=2 -fexceptions -fstack-protector-strong --param=ssp-buffer-size=4 -grecord-gcc-switches -m64 -mtune=native -DTCP_FASTOPEN=23 -D_GNU_SOURCE -D_FILE_OFFSET_BITS=64 -o objs/autotest objs/autotest.c -Wl,-rpath,/usr/local/openresty/luajit/lib
----------

----------------------------------------
checking for SO_BINDANY

objs/autotest.c: In function 'main':
objs/autotest.c:7:31: error: 'SO_BINDANY' undeclared (first use in this function)
     setsockopt(0, SOL_SOCKET, SO_BINDANY, NULL, 0);
                               ^
objs/autotest.c:7:31: note: each undeclared identifier is reported only once for each function it appears in
----------

#include <sys/types.h>
#include <unistd.h>
#include <sys/socket.h>

int main() {
    setsockopt(0, SOL_SOCKET, SO_BINDANY, NULL, 0);
    return 0;
}

----------
cc -O2 -O2 -Ofast -g -pipe -Wall -Wp,-D_FORTIFY_SOURCE=2 -fexceptions -fstack-protector-strong --param=ssp-buffer-size=4 -grecord-gcc-switches -m64 -mtune=native -DTCP_FASTOPEN=23 -D_GNU_SOURCE -D_FILE_OFFSET_BITS=64 -o objs/autotest objs/autotest.c -Wl,-rpath,/usr/local/openresty/luajit/lib
----------

----------------------------------------
checking for IP_BIND_ADDRESS_NO_PORT

objs/autotest.c: In function 'main':
objs/autotest.c:8:31: error: 'IP_BIND_ADDRESS_NO_PORT' undeclared (first use in this function)
     setsockopt(0, IPPROTO_IP, IP_BIND_ADDRESS_NO_PORT, NULL, 0);
                               ^
objs/autotest.c:8:31: note: each undeclared identifier is reported only once for each function it appears in
----------

#include <sys/types.h>
#include <unistd.h>
#include <sys/socket.h>
                  #include <netinet/in.h>

int main() {
    setsockopt(0, IPPROTO_IP, IP_BIND_ADDRESS_NO_PORT, NULL, 0);
    return 0;
}

----------
cc -O2 -O2 -Ofast -g -pipe -Wall -Wp,-D_FORTIFY_SOURCE=2 -fexceptions -fstack-protector-strong --param=ssp-buffer-size=4 -grecord-gcc-switches -m64 -mtune=native -DTCP_FASTOPEN=23 -D_GNU_SOURCE -D_FILE_OFFSET_BITS=64 -o objs/autotest objs/autotest.c -Wl,-rpath,/usr/local/openresty/luajit/lib
----------

----------------------------------------
checking for IP_TRANSPARENT


----------------------------------------
checking for IP_BINDANY

objs/autotest.c: In function 'main':
objs/autotest.c:8:31: error: 'IP_BINDANY' undeclared (first use in this function)
     setsockopt(0, IPPROTO_IP, IP_BINDANY, NULL, 0);
                               ^
objs/autotest.c:8:31: note: each undeclared identifier is reported only once for each function it appears in
----------

#include <sys/types.h>
#include <unistd.h>
#include <sys/socket.h>
                  #include <netinet/in.h>

int main() {
    setsockopt(0, IPPROTO_IP, IP_BINDANY, NULL, 0);
    return 0;
}

----------
cc -O2 -O2 -Ofast -g -pipe -Wall -Wp,-D_FORTIFY_SOURCE=2 -fexceptions -fstack-protector-strong --param=ssp-buffer-size=4 -grecord-gcc-switches -m64 -mtune=native -DTCP_FASTOPEN=23 -D_GNU_SOURCE -D_FILE_OFFSET_BITS=64 -o objs/autotest objs/autotest.c -Wl,-rpath,/usr/local/openresty/luajit/lib
----------

----------------------------------------
checking for IP_RECVDSTADDR

objs/autotest.c: In function 'main':
objs/autotest.c:8:31: error: 'IP_RECVDSTADDR' undeclared (first use in this function)
     setsockopt(0, IPPROTO_IP, IP_RECVDSTADDR, NULL, 0);
                               ^
objs/autotest.c:8:31: note: each undeclared identifier is reported only once for each function it appears in
----------

#include <sys/types.h>
#include <unistd.h>
#include <sys/socket.h>
                  #include <netinet/in.h>

int main() {
    setsockopt(0, IPPROTO_IP, IP_RECVDSTADDR, NULL, 0);
    return 0;
}

----------
cc -O2 -O2 -Ofast -g -pipe -Wall -Wp,-D_FORTIFY_SOURCE=2 -fexceptions -fstack-protector-strong --param=ssp-buffer-size=4 -grecord-gcc-switches -m64 -mtune=native -DTCP_FASTOPEN=23 -D_GNU_SOURCE -D_FILE_OFFSET_BITS=64 -o objs/autotest objs/autotest.c -Wl,-rpath,/usr/local/openresty/luajit/lib
----------

----------------------------------------
checking for IP_PKTINFO


----------------------------------------
checking for IPV6_RECVPKTINFO


----------------------------------------
checking for TCP_DEFER_ACCEPT


----------------------------------------
checking for TCP_KEEPIDLE


----------------------------------------
checking for TCP_FASTOPEN


----------------------------------------
checking for TCP_INFO


----------------------------------------
checking for accept4()


----------------------------------------
checking for kqueue AIO support

objs/autotest.c: In function 'main':
objs/autotest.c:8:56: error: 'SIGEV_KEVENT' undeclared (first use in this function)
                       iocb.aio_sigevent.sigev_notify = SIGEV_KEVENT;
                                                        ^
objs/autotest.c:8:56: note: each undeclared identifier is reported only once for each function it appears in
objs/autotest.c:7:10: warning: variable 'n' set but not used [-Wunused-but-set-variable]
     int  n; struct aiocb  iocb;
          ^
----------

#include <sys/types.h>
#include <unistd.h>
#include <aio.h>

int main() {
    int  n; struct aiocb  iocb;
                      iocb.aio_sigevent.sigev_notify = SIGEV_KEVENT;
                      n = aio_read(&iocb);
    return 0;
}

----------
cc -O2 -O2 -Ofast -g -pipe -Wall -Wp,-D_FORTIFY_SOURCE=2 -fexceptions -fstack-protector-strong --param=ssp-buffer-size=4 -grecord-gcc-switches -m64 -mtune=native -DTCP_FASTOPEN=23 -D_GNU_SOURCE -D_FILE_OFFSET_BITS=64 -o objs/autotest objs/autotest.c -Wl,-rpath,/usr/local/openresty/luajit/lib
----------

----------------------------------------
checking for Linux AIO support

objs/autotest.c: In function 'main':
objs/autotest.c:8:18: warning: variable 'iocb' set but not used [-Wunused-but-set-variable]
     struct iocb  iocb;
                  ^

----------------------------------------
checking for int size


----------------------------------------
checking for long size


----------------------------------------
checking for long long size


----------------------------------------
checking for void * size


----------------------------------------
checking for uint32_t


----------------------------------------
checking for uint64_t


----------------------------------------
checking for sig_atomic_t


----------------------------------------
checking for sig_atomic_t size


----------------------------------------
checking for socklen_t


----------------------------------------
checking for in_addr_t


----------------------------------------
checking for in_port_t


----------------------------------------
checking for rlim_t


----------------------------------------
checking for uintptr_t


----------------------------------------
checking for system byte ordering


----------------------------------------
checking for size_t size


----------------------------------------
checking for off_t size


----------------------------------------
checking for time_t size


----------------------------------------
checking for AF_INET6

objs/autotest.c: In function 'main':
objs/autotest.c:9:26: warning: variable 'sin6' set but not used [-Wunused-but-set-variable]
     struct sockaddr_in6  sin6;
                          ^

----------------------------------------
checking for setproctitle()

objs/autotest.c: In function 'main':
objs/autotest.c:7:5: warning: implicit declaration of function 'setproctitle' [-Wimplicit-function-declaration]
     setproctitle("test");;
     ^
/tmp/ccwuAyaT.o: In function `main':
/opt/openresty-bundled/build/nginx-1.11.2/objs/autotest.c:7: undefined reference to `setproctitle'
collect2: error: ld returned 1 exit status
----------

#include <sys/types.h>
#include <unistd.h>
#include <stdlib.h>

int main() {
    setproctitle("test");;
    return 0;
}

----------
cc -O2 -O2 -Ofast -g -pipe -Wall -Wp,-D_FORTIFY_SOURCE=2 -fexceptions -fstack-protector-strong --param=ssp-buffer-size=4 -grecord-gcc-switches -m64 -mtune=native -DTCP_FASTOPEN=23 -D_GNU_SOURCE -D_FILE_OFFSET_BITS=64 -o objs/autotest objs/autotest.c -Wl,-rpath,/usr/local/openresty/luajit/lib
----------

----------------------------------------
checking for pread()


----------------------------------------
checking for pwrite()


----------------------------------------
checking for pwritev()


----------------------------------------
checking for sys_nerr

/tmp/cckBmE7a.o: In function `printf':
/usr/include/bits/stdio2.h:104: warning: `sys_nerr' is deprecated; use `strerror' or `strerror_r' instead
135
----------------------------------------
checking for localtime_r()


----------------------------------------
checking for posix_memalign()


----------------------------------------
checking for memalign()


----------------------------------------
checking for mmap(MAP_ANON|MAP_SHARED)


----------------------------------------
checking for mmap("/dev/zero", MAP_SHARED)


----------------------------------------
checking for System V shared memory


----------------------------------------
checking for POSIX semaphores

/tmp/ccVTmZdv.o: In function `main':
/opt/openresty-bundled/build/nginx-1.11.2/objs/autotest.c:8: undefined reference to `sem_init'
/opt/openresty-bundled/build/nginx-1.11.2/objs/autotest.c:9: undefined reference to `sem_destroy'
collect2: error: ld returned 1 exit status
----------

#include <sys/types.h>
#include <unistd.h>
#include <semaphore.h>

int main() {
    sem_t  sem;
                  if (sem_init(&sem, 1, 0) == -1) return 1;
                  sem_destroy(&sem);;
    return 0;
}

----------
cc -O2 -O2 -Ofast -g -pipe -Wall -Wp,-D_FORTIFY_SOURCE=2 -fexceptions -fstack-protector-strong --param=ssp-buffer-size=4 -grecord-gcc-switches -m64 -mtune=native -DTCP_FASTOPEN=23 -D_GNU_SOURCE -D_FILE_OFFSET_BITS=64 -o objs/autotest objs/autotest.c -Wl,-rpath,/usr/local/openresty/luajit/lib
----------

----------------------------------------
checking for POSIX semaphores in libpthread


----------------------------------------
checking for struct msghdr.msg_control


----------------------------------------
checking for ioctl(FIONBIO)


----------------------------------------
checking for struct tm.tm_gmtoff


----------------------------------------
checking for struct dirent.d_namlen

objs/autotest.c: In function 'main':
objs/autotest.c:8:28: error: 'struct dirent' has no member named 'd_namlen'
     struct dirent  dir; dir.d_namlen = 0;
                            ^
objs/autotest.c:9:41: error: 'struct dirent' has no member named 'd_namlen'
                   printf("%d", (int) dir.d_namlen);
                                         ^
objs/autotest.c:8:20: warning: variable 'dir' set but not used [-Wunused-but-set-variable]
     struct dirent  dir; dir.d_namlen = 0;
                    ^
----------

#include <sys/types.h>
#include <unistd.h>
#include <dirent.h>
                  #include <stdio.h>

int main() {
    struct dirent  dir; dir.d_namlen = 0;
                  printf("%d", (int) dir.d_namlen);
    return 0;
}

----------
cc -O2 -O2 -Ofast -g -pipe -Wall -Wp,-D_FORTIFY_SOURCE=2 -fexceptions -fstack-protector-strong --param=ssp-buffer-size=4 -grecord-gcc-switches -m64 -mtune=native -DTCP_FASTOPEN=23 -D_GNU_SOURCE -D_FILE_OFFSET_BITS=64 -o objs/autotest objs/autotest.c -Wl,-rpath,/usr/local/openresty/luajit/lib
----------

----------------------------------------
checking for struct dirent.d_type


----------------------------------------
checking for sysconf(_SC_NPROCESSORS_ONLN)


----------------------------------------
checking for openat(), fstatat()


----------------------------------------
checking for getaddrinfo()


----------------------------------------
checking for LuaJIT library in /opt/openresty-bundled/build/luajit-root/usr/local/openresty/luajit/lib and /opt/openresty-bundled/build/luajit-root/usr/local/openresty/luajit/include/luajit-2.1 (specified by the LUAJIT_LIB and LUAJIT_INC env, with -ldl)


----------------------------------------
checking for export symbols by default (-E)


----------------------------------------
checking for export symbols by default (--export-all-symbols)

/usr/bin/ld: unrecognized option '--export-all-symbols'
/usr/bin/ld: use the --help option for usage information
collect2: error: ld returned 1 exit status
----------

#include <sys/types.h>
#include <unistd.h>
#include <stdio.h>

int main() {
    printf("hello");;
    return 0;
}

----------
cc -O2 -O2 -Ofast -g -pipe -Wall -Wp,-D_FORTIFY_SOURCE=2 -fexceptions -fstack-protector-strong --param=ssp-buffer-size=4 -grecord-gcc-switches -m64 -mtune=native -DTCP_FASTOPEN=23 -D_GNU_SOURCE -D_FILE_OFFSET_BITS=64 -o objs/autotest objs/autotest.c -Wl,-rpath,/usr/local/openresty/luajit/lib -Wl,--export-all-symbols
----------

----------------------------------------
checking for SO_PASSCRED


----------------------------------------
checking for __attribute__(constructor)


----------------------------------------
checking for malloc_trim

0
----------------------------------------
checking for PCRE library


----------------------------------------
checking for PCRE JIT support


----------------------------------------
checking for zlib library

